<?xml version="1.0" encoding="UTF-8"?>
<!-- Generated by org.testng.reporters.JUnitReportReporter -->
<testsuite hostname="CFCHPC0005" failures="0" tests="1" name="qaclickacademy.Mavenjava.AppiumTestClass" time="0.006" errors="0" timestamp="2020-08-04T17:08:50 IST" skipped="0">
  <testcase classname="qaclickacademy.Mavenjava.AppiumTestClass" name="NativeAppAndroid" time="0.006"/>
  <system-out/>
</testsuite> <!-- qaclickacademy.Mavenjava.AppiumTestClass -->
