<?xml version="1.0" encoding="UTF-8"?>
<!-- Generated by org.testng.reporters.JUnitReportReporter -->
<testsuite hostname="CFCHPC0005" failures="0" tests="2" name="qaclickacademy.Mavenjava.RestAPITest" time="0.003" errors="0" timestamp="2020-08-16T12:39:02 IST" skipped="0">
  <testcase classname="qaclickacademy.Mavenjava.RestAPITest" name="PostJira" time="0.003"/>
  <system-out/>
  <testcase classname="qaclickacademy.Mavenjava.RestAPITest" name="deleteTwitter" time="0.000"/>
  <system-out/>
</testsuite> <!-- qaclickacademy.Mavenjava.RestAPITest -->
